500
0 168 676 1207 1791 2645 2847 2892 3414 3469 4412 5005 5448 6472 7153 7561 8413
1 321 978 1358 1924 2207 2349 3909 5790 6054 6339 7056 7974 8140 8699 8968 8987 9153 9176 9453 9968
2 2 7 72 1466 3963 4092 4822 5031 5085 5169 5196 5244 5869 6318 6613 7354 7405 9533
3 79 273 1098 2240 2258 2666 2784 2803 3330 4035 4076 4230 4541 5300 5340 5827 6221 6613 7296 8519
4 199 1403 1973 2635 3240 3828 3950 5113 5232 5615 5678 6389 7864 8618 9577 9721
5 1396 1437 1668 1878 2006 2175 2537 2962 3087 4439 5258 5617 6617 6676 6986 7467 7619 7652 7753 7883 8107
6 27 1322 1580 1625 2028 2555 2597 2640 2962 3012 3143 3877 4958 5621 5715 5979 6378 6412 6826
7 399 806 1177 2152 2589 2897 3432 4020 4029 4744 6598 6650 6653 7434 7530 7566 8041 8994 9205 9374
8 321 1084 1472 1615 1668 1943 2007 4480 5259 5895 6295 6764 7997 8279 8487 8591 8846 8994
9 196 1822 2098 3176 3723 3872 3877 4226 4869 6790 7414 7463 7873 8352 8498 8716
10 88 443 697 851 947 979 2067 2510 2643 3203 3982 4569 4758 5043 5131 6170 6762 7672 9224 9379
11 889 1064 1477 1702 1763 1979 4170 4875 5652 5715 6818 7026 7083 7275 7367 8358 8561 8589 9464 9745
12 389 518 580 828 1147 1149 2555 2577 2701 3073 3074 4014 4752 6565 6613 6831 7916 7970 8932 9362
13 311 490 707 780 934 1343 1611 1710 2892 4448 5188 6025 6433 7048 7516 7837 8089 9948
14 71 79 155 700 1591 1642 2019 2342 3129 3923 4562 5171 5340 5673 6592 8332 8374 9303 9914
15 79 602 935 1253 2326 2555 2959 3061 4907 5946 6651 6766 7344 7572 7782 7949 9474 9641 9845
16 235 952 1019 1046 1556 2295 2499 3673 3916 4904 5594 5942 6730 7014 9742 9991
17 950 1123 1467 1504 2243 2430 3103 3543 3806 3836 4936 5163 5412 5543 5907 6057 6989 7643 9194
18 2 755 1668 1989 3268 3990 4596 5064 5237 6242 6502 7120 7148 7299 8005 8975 9315 9465 9703 9976
19 135 951 976 1133 1212 1567 2782 3250 4326 5269 5739 5819 6461 6696 6938 7652 8221 8436 8858 9129
20 605 836 925 1031 1227 2417 2486 2596 3320 4126 4547 5412 5565 6972 7438 8738 9698 9955
21 2 171 296 297 719 1564 1708 2240 2324 2986 3371 4345 4816 5226 5509 6030 6400 8017 8455 9759
22 253 321 1168 1524 1766 4237 4453 4941 5679 7165 7605 7933 8109 8183 8186 8860 9545
23 220 415 694 1289 1628 1984 2128 2451 2685 3418 4884 5409 5675 5715 7153 8503 8754 9098 9125 9689
24 488 1337 1369 2071 2123 2650 2937 3300 3493 3717 4020 4945 5458 7418 8989 9532 9835
25 667 1282 1933 3097 3584 3913 4349 4687 5163 5721 6652 7294 7332 8780 8863 8959 9016
26 286 689 3013 3457 3575 3836 4849 4990 4997 5110 5261 5421 6785 8636 8832 9137 9140 9197
27 569 741 1289 2297 3936 3943 4027 4556 4662 5412 5532 5643 5834 5917 6191 6584 7155 8473 9135 9982
28 685 1400 1429 1539 1917 2024 3877 4784 5278 5336 5412 6951 7120 7713 8327 8344 8702 8937 9443
29 9 64 1601 2064 2437 2842 3355 3382 4136 4717 5275 5386 6702 7253 8293 8297 8502 9871
30 79 412 1083 1169 1496 1661 2373 2930 3612 4326 4690 6953 7048 7129 7849 7902 8538 9505 9697 9744
31 115 148 199 591 774 1241 2013 2555 2627 3110 4912 6421 6462 6929 7296 7563 7890 8897 9758
32 1187 1431 2534 2946 3705 4985 5903 6776 7664 8040 8174 8870 9832 9838
33 321 1918 1961 3008 3393 3438 4086 4419 4651 6491 7281 7358 7883 8396 8915 9573 9659 9896
34 133 730 1542 2392 2604 3216 3323 3360 3795 5413 5466 5735 5939 6485 7437 7699 7997 8211 9241 9930
35 2 10 221 699 2166 2741 2835 4635 4680 5658 6993 8043 8105 8139 8511 8970 9300
36 878 1552 2322 2962 3580 4684 4874 5491 5505 5822 6373 7506 7789 7815 8406 9073 9187 9409
37 691 802 981 2402 3687 3894 3993 4199 5341 5408 5676 5882 7296 7716 8071 8075 8784 9664
38 321 678 778 872 1216 2188 2475 3675 3894 5024 5044 5338 5762 6795 7153 7626 8220 8680 9235 9839 9848
39 41 1534 1881 2205 2240 2613 2714 3525 3958 4020 4666 6153 6198 6305 6699 7980 8234 9007 9707 9979
40 79 268 989 1670 2471 3155 3167 4994 7638 7681 7756 8185 8293 8564 8781 9602
41 58 523 574 1178 1397 1491 1906 2851 3286 4211 4704 5186 5523 5548 6216 7423 8406 9227
42 979 988 1560 2653 2962 3045 3731 4149 4522 5009 5524 5949 6149 6154 6193 7454 8593 8905 9086
43 29 136 995 1281 2895 3528 4175 4217 5307 5461 6082 7920 8179 9003 9204 9677 9719 9846
44 79 759 2399 2941 4975 5313 5383 6044 6428 6447 6547 6964 7581 7833 7870 7949 8284 8490 9604 9780
45 503 786 1440 1719 2695 3588 4342 5066 7060 7163 7422 7699 8050 8151 9199 9510 9829 9834
46 116 1043 1666 2240 3116 3807 4813 5008 6454 7252 8167 8605 8866 8957 8994 9124 9152 9299 9644
47 861 2283 3349 3679 3774 3894 4052 5108 5412 6285 6486 6495 7217 7828 8324 8470 8852 9533 9931
48 2 79 131 2332 2871 3005 3072 3775 3814 3982 4071 4482 5180 5358 6147 8095 9197 9280 9367
49 79 784 873 1789 2330 2369 2511 2681 3485 4214 4314 5195 5880 6270 6587 7434 8192
50 352 502 1691 3043 4132 4488 4973 5748 5845 6497 6639 6901 7072 8135 8558 8994 9528 9638
51 304 408 647 1102 3936 4340 4367 4507 5123 5151 5557 5762 6301 6992 7043 7485 8941 9191 9407
52 82 234 396 1740 2304 2717 2962 3954 4199 4761 5778 6100 6456 6925 6938 7238 8722
53 663 745 960 1145 2755 2838 3416 4834 5147 5830 6363 7049 7517 7597 7699 8168 8549 9050 9770
54 2206 2530 3461 3877 4686 5440 5885 6101 6805 7575 7679 8354 8386 8579 9342 9377 9515 9535
55 198 750 1110 1453 1905 1919 2070 2633 3751 4804 5715 6302 6734 7488 8144 9120 9392
56 2 1574 1934 2420 3047 4061 4096 5060 5155 5564 5902 6175 6455 6662 7688 7991 8090 9336 9443
57 22 493 1390 1981 2731 2962 3858 3972 4539 5969 6092 6635 6798 6986 7333 8199 9090 9716
58 321 1565 1770 1802 2544 2677 3565 3629 3732 4928 6275 8756 9450 9869
59 2 233 443 1774 3811 3830 4423 5029 5126 6075 6219 6812 6879 6897 7440 8444 9007 9545 9619 9738 9840
60 2 7 30 979 1304 2457 3275 3386 4145 5715 6109 6197 7025 7508 8423 8523 8673 8883 9892
61 42 364 369 476 1122 1145 1417 2288 2900 2962 3016 4972 5301 6112 6153 6241 6418 6867 6919
62 79 1225 1750 1900 2240 2496 2790 3232 4001 4027 4319 4481 5495 6381 6727 6915 7835 8346 8836 9907
63 79 250 1175 1455 1785 1980 2240 3277 3554 4624 5804 6054 6541 6744 7292 8711 8953 9370 9518 9760
64 39 321 560 2288 2403 2626 2712 2715 2868 3115 3144 3354 4021 5715 6162 7442 7802 8170 9426 9547 9709
65 842 908 952 1391 1546 1668 2687 3453 4219 5078 6144 6343 6504 6539 7782 8582 8811 8813 9400 9793
66 413 497 696 1560 2147 3079 3931 4156 6074 6447 6449 6672 7193 7269 7447 7921 8491 8871 9798
67 321 715 1731 3465 3548 3549 3651 4851 5561 6011 6168 7636 7738 8193 9029 9936
68 1892 2365 2630 2764 3961 4225 4278 6538 7075 7115 7718 8305 8386 9636
69 427 1430 1668 1781 2858 2910 2973 3195 3210 3243 4174 5493 6131 6140 6801 7751 8134 8276 8428 8684 9385
70 338 1119 1586 1727 2521 2611 4379 5386 6292 6625 7912 8349 8522 8552 9007 9019 9032
71 326 732 754 921 935 1668 2432 2863 3467 3660 4082 4526 5412 6747 7131 7949 8208 8209 9007 9968
72 49 1125 2962 3012 3161 3540 3995 4281 4376 4457 5638 5698 5874 6613 7135 8338 8973 9270
73 1081 1087 1577 1801 2214 2285 3012 3263 3969 4079 4222 4660 4985 4995 5053 5503 6367 7699 8430
74 164 478 780 834 1776 3573 5038 5631 5911 7181 7322 7710 7800 8269 8325 8701 8812 9842
75 1734 1841 2162 2476 2629 3077 4271 6192 6213 6232 6817 7050 7585 7593 8309 8722 9678 9862
76 321 609 3376 3721 3882 6003 6226 7762 7807 7826 8062 8243 8368 8498 9014 9470 9492 9529 9736 9848
77 284 321 1668 2630 2815 2962 3061 4121 4399 4890 5209 5449 5929 6642 6962 7432 8195 8238 8644 9959
78 247 453 487 1160 1252 1311 1678 3049 3111 4855 5173 5598 5762 6034 7004 8571 8671 8776 9557
79 213 269 374 585 740 1140 1198 2057 2639 3077 3894 4403 4801 5020 5302 6346 7310 7511 9317
80 214 321 790 1319 2882 3166 4315 4654 4831 6710 7166 8068 8169 8183 9352 9722
81 133 655 804 1557 2137 2240 2548 3011 3048 3584 3747 4081 5339 7153 7329 7341 7615 8125 8716 9667 9823
82 299 979 1009 1626 3398 3653 3749 3946 4514 5715 6963 7323 7453 7607 7694 9615 9872
83 267 1498 1603 1774 1780 2077 2179 2231 4256 4320 4533 5296 5962 6298 6952 7078 7601 7709 9299
84 557 652 935 983 1044 2615 2753 4781 4842 4852 5179 7153 7751 7767 9025 9043 9188 9491 9962
85 60 307 321 1040 1106 1625 1757 1774 2047 2234 2485 4350 5004 6210 6470 7443 8132 9157
86 321 610 1914 2516 2568 3213 3282 3377 3752 4134 4824 5117 5437 6110 6237 6500 7574 7783 9704
87 496 773 1003 2269 2307 2846 3586 4100 5217 5825 6052 7493 7748 7968 8293 8736 9129
88 79 996 1555 2212 3059 3156 3662 4199 4641 4946 5097 5780 5862 6273 6581 6938 8914 9953
89 2 547 625 979 2139 2183 2340 2408 2413 2468 3590 4953 5446 5866 6263 7707 8306 8831 9293 9422 9461
90 1308 1554 2298 2788 2962 4244 4459 5304 6253 6547 6613 7373 7752 8104 8644 8895 9035 9771
91 447 1356 3092 3378 3854 4147 4600 5771 5821 5849 6310 6403 8110 8387 8586 9080 9533 9761
92 112 321 1199 1546 1738 2240 2252 4194 4629 4699 4971 5371 6035 6101 6482 6551 7050 8516 9265 9944
93 517 1867 2074 2265 3278 3325 4160 4182 6161 6393 6622 6889 7127 7361 7583 8023 9007 9075 9421 9807
94 207 1093 1379 1470 2052 2112 2902 4056 4314 5158 5432 5537 7090 8671 8692 9056 9292 9848 9858
95 321 788 891 1091 2032 2155 4264 4653 5287 5856 6797 6880 7203 7233 8403 8569 9850
96 190 979 1191 1289 1901 2697 2728 2997 4957 7024 7338 7733 7880 7971 8566 8817 9286 9316
97 1267 1668 1772 2340 2860 3020 3741 4224 4985 5439 5492 5715 5838 5923 6613 6674 7183 8010 9114 9193
98 257 567 569 876 1018 2088 2148 2736 2865 3192 3371 3716 5407 6631 7164 8795 8830 9498 9692
99 152 188 734 1080 2155 2611 3023 3727 3830 4199 4330 4528 4648 5435 5639 5685 7915 9038
100 34 1192 1739 1960 2240 3744 4020 4050 4501 5194 5437 5748 6125 6488 7241 7669 9252 9500
101 468 1007 1289 1295 1492 2288 3871 4025 5715 5800 6083 6807 6849 7284 7550 8001 8307 9548 9675
102 225 895 1682 2240 2394 3507 3877 4679 5355 6286 6352 6630 7205 7312 8443 9271 9857
103 401 564 966 969 2240 2605 2780 2808 3567 3936 4710 6157 6330 6347 7556 8005 9598
104 2 174 838 2293 2652 3522 3630 3891 6537 7652 7996 8158 8946 9256 9266 9357 9530 9943
105 2 1908 2118 2650 3290 4038 4180 4954 5334 5880 6423 7082 7105 7240 7320 7586 8452 8722 9225 9702
106 543 1149 1310 1357 1570 1767 2582 3303 3701 4643 5848 6615 6734 6938 7079 8119 8556 9007 9075
107 1831 1939 1944 2961 3254 3838 4290 4915 5755 6613 7357 7429 8391 8830 9270 9606 9632
108 477 529 540 1810 1963 1971 2643 2783 3144 3949 5006 5704 6126 6160 6528 6823 7531 7622 8019
109 958 1461 1695 2864 3222 3718 4409 4793 5769 5831 6137 6606 6613 7351 7806 7949 8495 9031
110 157 1303 1569 1581 2240 2752 2886 3490 3504 3630 5053 5248 6200 6608 7032 7949 7967 8351 9349 9411
111 113 2422 2644 4474 4519 4679 4812 5310 5437 5802 6153 7228 7481 8078 8761 9449 9917
112 76 79 1066 1121 1728 2018 2176 2278 2370 2431 3700 4823 5608 5865 6770 6949 7088 7438 7621 9184 9610
113 205 545 882 1458 1839 2061 2433 2643 4102 5049 6251 6459 6854 8188 8637 9129
114 79 88 427 504 933 1488 1571 3088 3199 3240 3887 5063 5399 6172 6323 6586 7762 7864 9616
115 538 1204 1386 1631 1818 2415 2621 3638 3813 6677 6938 7428 8146 8441 9043 9111
116 844 1134 3501 3530 4314 4317 4404 4493 4572 5027 5152 5156 5788 6046 7481 7715 8116 8193 9161 9746
117 321 935 2208 2722 2734 2962 5014 5115 5483 6030 6516 6789 6878 7851 7938 8434 8671 8753
118 100 492 1479 2078 2318 3058 3894 7210 7240 8295 8643 8994 9283 9363 9432 9433 9965
119 79 176 238 427 505 604 1298 1595 1668 1799 2537 2922 3675 4274 5101 6977 8810 9034 9499
120 134 454 2226 2960 2982 3184 3538 4112 4176 4326 5381 6155 7633 7758 7964 8652 9065 9494
121 491 1882 1984 3608 4277 4285 4720 4844 5122 5247 6566 7860 7883 8750 9192 9783
122 474 668 2494 3451 3543 4633 4754 5245 5917 6560 6970 7153 7501 7699 8159 8432 8827 9178
123 24 80 144 1478 2279 2857 4199 4726 5775 5788 6313 6578 7153 7288 8891 9087 9144 9431 9533
124 79 238 811 1259 1444 1722 2634 2643 3012 3981 5704 5956 6505 7037 7207 7665 7829 8489 8951 9931
125 425 952 1152 1362 2199 3460 3655 5052 5662 5875 6900 6939 7699 8154 9545 9786
126 79 366 552 688 1290 1454 2165 2429 2657 4220 4649 4780 5500 5762 6607 6692 7684 8768 9139
127 278 477 896 1498 1724 2173 2210 3648 4035 4883 5138 5446 6613 6691 6978 7482 8134 8241 9244 9538
128 118 1542 2288 3137 3157 3521 3955 4352 4363 4752 6262 6827 6882 6954 7698 7747 7883 8134 8289 8977
129 2 385 675 965 1218 1988 2367 2539 4757 4985 5073 6490 6891 7413 7439 7883 8233 8840 9404 9694
130 270 353 713 1468 2042 2246 2327 2707 3894 4382 4441 4901 5198 5330 5871 8410 9174 9533
131 2 203 1132 1614 2926 4450 4573 4977 5428 6181 6282 7874 8423 8617 9123 9989
132 259 360 399 1144 2005 2145 2834 3243 3392 4087 5538 5762 6498 6863 7296 8286 8724 9380 9688
133 245 745 1105 1896 2150 2227 2414 3365 3533 4377 4490 4798 4835 5176 7105 8062 8190 8683 8994 9323
134 3380 3481 3622 6115 6427 6454 6514 6582 7609 7639 7663 8365 8696 8722 8893 8910 8922 9244 9540 9693
135 25 78 84 1075 1299 1387 2034 2707 3888 3958 5588 5664 6375 7321 7769 7820 8894 9461 9861
136 2 321 781 1095 1721 2196 2917 3751 4107 4416 4777 4948 5934 6537 7153 7466 7602 7930 8036 8193 8515 9440 9533
137 541 935 1167 1608 2376 2384 2517 2761 3113 3521 4880 6084 7027 8253 9049 9133 9219 9462 9911
138 148 528 1650 1656 2103 2126 3074 3542 3936 4104 4107 5239 5559 7444 8056 8181 8710
139 79 1066 1968 2184 3234 3586 3759 4198 4388 4470 5266 5345 5348 5748 6365 6937 7628 8794
140 321 1469 1907 2848 3280 3474 3628 3664 5099 6434 6482 6611 7093 7742 7780 7792 7978 8532
141 753 979 1186 1383 1499 1775 2962 4002 5346 5396 5637 5715 6048 6916 7069 7719 7995 8012 9483
142 1156 1667 3781 4311 4521 4614 5219 6089 6271 6387 7121 7408 7472 7939 9047 9517 9988
143 79 850 1028 1383 1769 1895 3862 4020 4236 4294 5144 5293 6303 6584 7153 7180 7652 7666 7936
144 2 199 240 321 647 737 881 1831 2555 3376 3476 4321 4328 6499 6982 7461 7714 8578 8585 9522
145 558 1120 1693 2240 2349 3383 3537 3728 4099 4647 5028 5055 5323 5607 6139 6750 7474 7652 7708 9714
146 809 1476 1552 2249 2411 3084 3831 4967 5846 5982 6355 7153 7162 7513 8172 8626 9110 9673
147 2 782 2288 2790 2896 4199 4594 5855 5869 6113 6296 6396 6602 7146 7743 8554 9207 9521 9968
148 2 1085 1216 1580 1610 1696 2183 2215 2240 3877 4053 4472 4707 4731 5426 5612 6406 6783 9652
149 229 776 800 1317 2029 2670 2962 3060 3830 4385 4407 4803 4966 5270 6134 6537 6613 7547 7599 8766 9434 9710
150 524 979 2169 2904 4071 4396 4624 5715 5869 6523 6778 6913 7427 7507 7741 8025 8228 8263 8748 8910 9260
151 46 1668 2805 2908 2962 3672 4352 4526 5558 6276 6321 6561 6938 7223 8711 8785 8930 9102 9114
152 876 1072 1107 1335 1774 1912 2785 2818 3261 3512 4043 4347 4993 5360 5744 6479 7379 8043
153 367 780 2421 3208 3907 5307 5710 6165 6547 6796 7854 8298 8425 8862 9305 9777
154 523 1562 1663 2113 2414 2965 3755 4312 5086 5219 5347 5528 5840 5858 6291 6458 6613 6680 8752 9795
155 79 205 317 925 1353 1902 2933 3074 3776 4093 4229 5751 5848 7517 7533 7610 7765 7772 7960 8980
156 279 569 2746 3482 3885 4144 4362 4586 5068 5192 5280 5748 5986 6895 7201 8092 8597 9424 9688
157 2 79 135 151 402 926 1188 1449 2869 4674 4728 5204 5288 5467 5507 5784 6938 8248 9112 9794
158 183 236 1138 2036 3012 3021 3783 5525 5582 5860 5989 6487 7400 7852 8064 8320 9253 9467 9472 9961
159 145 871 993 1756 2240 2569 3036 3261 3593 3739 4275 5335 5731 6410 6460 7219 7673 8893
160 79 425 1531 2768 2773 3023 3494 3521 4241 6124 6327 6379 7689 7963 8476 8780 9013 9562 9732
161 69 719 914 1039 1195 1544 2190 2341 2481 3308 3576 3843 5233 7225 9007 9438 9990
162 238 272 321 472 718 973 1860 2322 2979 3600 4378 7949 8587 8821 8910 9011 9156 9404 9820
163 838 1299 1409 1517 2368 3241 3259 3634 3935 6613 6787 6888 7173 7265 7888 8803 8998 9398 9921
164 2 888 1871 2187 2288 3102 3613 3758 3936 4505 4664 5688 6827 7249 7365 7494 7932 8898 9048 9132
165 79 210 1394 1683 2240 2682 3050 3920 3998 4089 4433 5326 5864 5948 6861 7179 7670 8717
166 583 659 945 1593 2716 3338 3926 3966 4892 5134 5477 5732 5817 5867 6134 7289 7725 8284 9848
167 348 480 557 1180 1365 1956 2962 3880 4588 4983 5775 6377 7213 7438 7519 7732 8572 9355 9463 9537
168 259 1792 1873 2437 2792 2953 3366 3641 4884 4914 6087 6254 6401 6567 6609 7053 7087 8251 8994
169 103 291 1363 1868 2049 2676 4799 6477 6742 6920 7101 7305 8227 8406 9015 9159 9533 9791
170 397 2204 2486 2962 3012 3486 3625 3894 5251 5605 6337 7258 7652 8031 8272 8340 8850 9549 9597
171 94 141 1617 3015 3374 4233 4340 4622 4791 5609 5814 7231 7652 9036 9501 9741 9789
172 1 321 1157 1420 2299 3012 3728 3877 3885 6002 6327 6374 7647 8496 8723 8812 8899 8992 9270 9660
173 79 1634 2288 2723 2766 3038 3050 4354 4401 4698 4712 5326 5647 6627 7029 7071 8173 8414 8773 9843
174 2 1576 1619 1972 2037 2446 2555 2698 2918 3316 3606 4609 4797 4893 5047 6134 8373 9436 9621
175 250 321 2240 2515 3271 3536 3677 3850 4604 5687 6409 6843 6938 7064 7852 8333 8416 8528 8982
176 193 866 1343 1800 2531 2770 2898 3429 3756 4027 4532 4808 5410 5643 6231 8512 9807
177 2 510 835 1196 1238 1367 2001 2962 3218 4232 4359 4610 4696 4733 5715 6141 6595 8829 9852
178 643 1246 1606 1869 2288 2329 2593 2693 3534 4323 4421 5412 5880 6145 7204 7210 7259 8125 8133 8834
179 2239 2247 2453 3691 4306 4341 4901 5308 5507 5999 6030 6258 6706 7197 7755 8200 8676 9543
180 2 79 935 1782 3071 3075 3194 3447 3602 4035 4228 5050 5331 5520 6188 6886 7709 7859 7968 8442 9733
181 2008 2155 2288 2444 2962 3665 3904 4589 4873 5779 6735 7133 7652 8218 8462 9348 9413 9512 9649 9784
182 146 1213 1741 1927 2529 2555 2643 2857 3932 4487 4527 5719 5921 6358 6359 6814 7675 7806 7861 8719 9825
183 2 79 1823 1984 2732 3309 3329 3690 3820 4199 5153 5494 6161 6670 7108 7352 8659 8824 9484
184 447 499 642 776 1161 1276 2096 2467 3047 3936 4284 4469 5738 5848 6808 7261 8530 8947 9812
185 355 431 953 1596 1641 2818 4948 5129 5270 5862 6534 6646 8044 8431 9196 9514 9567 9650
186 1587 1607 1658 2343 3279 3763 4060 4199 4559 4708 4818 4974 5119 5553 7949 8464 9977
187 435 794 1330 1381 2404 2505 2594 2643 2962 3026 3152 3910 4242 6161 6658 7902 7950 8406 9661
188 66 359 1127 1806 2116 3668 4362 5030 5507 6094 7023 7110 7324 7678 7680 8293 8714 9444 9720
189 79 412 622 1275 1371 1583 1597 1942 2533 3103 4168 4253 4795 6151 6299 6326 7652 7775 8313 8387 9347
190 116 221 664 864 3269 3937 3942 4866 4956 5164 5215 5309 6623 6938 7180 7839 9800
191 330 1665 2223 2727 3521 4155 4534 4689 5160 5418 5651 5715 7136 7616 7864 7943 8812 9709 9841 9968
192 771 1750 1986 3341 3497 3543 5106 5843 6417 6889 6902 7438 7476 7709 7983 8116 8147 9186 9634 9930
193 154 1279 1339 2555 3022 3207 3445 3766 4362 4624 4716 5216 5481 5863 6538 6687 7385 8644 9077
194 447 992 1814 2033 3383 5451 5666 5748 5854 6222 7055 7469 7979 8008 8350 9219 9568 9968
195 106 1495 2804 2904 3981 4858 4963 4996 5025 5497 6509 6554 8402 8487 8966 9311 9656
196 178 417 423 437 1700 2109 2612 3314 3370 3853 4015 4865 5715 6201 7575 8052 8805
197 343 736 816 1159 1353 2010 2396 2943 3496 3877 3936 4878 5416 6227 6912 7582 7786 9585
198 1248 2186 3109 3226 4828 5689 5715 5746 6224 7132 7153 7215 7407 7409 7627 8254 9527 9842
199 2 139 930 1146 1154 2237 2962 3627 4209 4293 5412 5517 6186 7526 8533 9381 9558 9657
200 362 420 2191 2353 3100 4584 5142 5485 6058 6875 6920 7177 7458 7487 7683 7997 8709 9686
201 2 523 656 758 1125 1321 2962 2987 3291 4544 7602 7686 8140 8235 8345 8387 8389 8650 9580
202 2 352 448 519 1193 2107 2423 2986 3609 3735 5316 5636 5922 6062 6584 7159 9314 9701 9805
203 2 819 1150 1179 2121 2424 2894 2957 3376 4048 5016 5041 5530 7296 7302 7419 8580 9279 9968
204 177 321 1559 1623 1664 1705 2062 2595 2735 3114 4468 4846 5307 6610 6698 7596 7676 9918
205 17 212 260 321 1142 3479 3857 4431 4830 6641 7030 7114 8507 8599 9075 9493
206 19 279 450 875 1109 1893 3080 3452 4037 4520 5248 5391 5581 7185 7342 7560 8494 9374
207 321 979 985 1309 2668 2740 3190 4035 4177 4564 5747 6283 7364 7534 7927 7945 8531 9086 9236
208 2 766 2827 3305 3334 3635 3686 4034 4065 4377 4418 5322 5566 6465 7630 7929 8845 9062 9104 9573
209 281 641 1528 1835 2240 2439 2709 4402 4496 4958 5218 5328 5869 7235 7254 7756 8145 8527 9244 9405
210 1673 1975 2375 3410 3631 3842 3877 4084 4313 4745 4891 5477 6020 6021 8931 9412 9633 9668
211 365 1875 2026 2121 2125 2781 3435 4080 5434 6054 7316 7564 8819 8881 8994 9041 9378
212 1153 1723 2288 3006 3442 3777 3784 3925 4854 5282 5412 5861 6141 6860 7012 7904 8022 8705 9248
213 1117 1247 1784 1868 1904 2305 2603 2663 4855 5546 5894 6169 6202 6316 6531 7007 8969 9238
214 613 1111 3581 3750 3982 4035 4401 4737 4949 5070 5133 5544 5962 6659 7133 7509 8573 8985 9453
215 7 21 79 357 2167 2713 3835 4035 5135 5295 7153 7907 8000 8134 8189 8816 9466 9579
216 321 627 1877 1985 2245 2624 3506 4110 4782 4855 5149 5445 6809 7038 8438 8711 9168 9224
217 494 883 1530 2672 3074 3586 3729 3847 4167 4218 4308 4989 6049 6613 6973 7266 9559 9586
218 79 410 455 1197 1611 2935 3146 3227 3362 3951 5061 6708 7397 7808 7896 8069 8994 9160 9483
219 412 598 1012 1190 2055 2121 2418 2962 3012 4192 4636 4970 5124 6635 6819 7153 7790 8216 8231 9075 9912
220 745 769 1401 1864 2157 3163 3681 4074 4350 4548 4787 7623 7682 8223 8670 8856 9183 9395
221 745 1038 1288 2599 2610 3128 3165 3626 3797 4786 4916 5430 5454 5810 6415
222 312 616 2003 2016 2092 2870 3130 3163 4923 5112 5872 5901 6364 6395 6534 7088 7909 8601 9007 9172
223 1097 3103 3163 3498 4494 4792 4821 5305 6051 6391 6733 6986 7406 7883 8798 8807 9353 9730
224 310 787 935 1059 1116 1730 1931 2555 3584 5095 5445 5764 6077 6279 6550 6767 7091 7426 7617 9511
225 2 140 1349 1405 1436 1562 3032 3065 3074 3304 3856 4368 4740 5560 6042 6360 6693 7206 8308 9027
226 166 211 407 935 1347 2264 3557 3905 4238 5219 5862 5887 6053 7142 7368 7699 8018 8284 8838 8867 9968
227 321 702 1255 1465 1566 2390 2797 3753 3866 4375 4824 6294 7864 8203 8484 8859 9402 9706
228 267 1305 1793 2615 2938 2990 3440 3545 4923 5563 5641 6020 6357 6547 6869 7296 9291 9679
229 259 476 767 1047 1201 1969 2244 2885 3262 3337 4045 6122 6716 7152 7762 8685 8711 9215 9364 9674 9990
230 265 606 1668 2495 3023 3956 4352 4561 5206 5781 5904 5962 6584 6661 7120 7396 7884 8098 8625
231 625 805 1014 2240 3726 4129 4623 5514 5693 6398 6519 6753 7240 7270 8418 8728 8767 9734
232 1183 2795 2874 3186 3782 4348 4702 5120 5526 6050 6320 6922 7298 7652 8134 8332 8580 9163 9369
233 246 342 581 946 1778 1852 2454 2576 3380 3437 4746 5592 5777 6404 7431 7817 8377 9533
234 2059 2822 4199 4486 5099 5458 5700 5715 6597 6974 7691 8559 9215 9264 9384 9476 9533
235 427 1813 2185 2194 2240 2962 3391 3817 3914 3948 6894 7000 7314 7321 8733 8994 9108 9349 9468 9816
236 111 621 900 1234 1327 1457 3219 4334 4709 6510 6522 7099 7649 8342 8491 8716 8912
237 441 1017 1857 2491 2902 3603 4020 4199 4563 5541 6613 6893 6981 7122 7949 8512 8521 8693 9010
238 55 665 752 833 1497 3229 3505 3764 4358 5082 5429 7247 7473 7587 8227 8495 8696 9071
239 553 843 1134 2932 3500 4031 4984 5042 5121 6187 7399 7694 8057 8267 8848 9302 9415 9873
240 239 603 1429 1668 3006 3676 3767 3859 4199 5088 6984 9115 9237 9383 9937 9997
241 796 863 1011 1410 1582 2359 2555 3077 3117 3134 3715 4326 5072 6235 6604 6827 7204 7474 9273
242 321 916 1032 1037 1343 1774 2192 2972 3089 5401 5522 5708 6287 6338 7880 8382 8964 9627 9847
243 703 1345 1668 1890 3812 4051 4551 4856 5260 5547 5632 6236 7449 7754 8995 9199 9589 9772
244 1524 1674 2220 2564 2718 3074 3173 3343 4108 5395 5471 5762 5878 5964 5998 6082 6786 7429 8400 9408
245 489 1063 1329 1346 1828 1979 2662 3012 3034 3054 4372 7260 7333 7366 7451 7513 8528 9964
246 1215 1250 1849 2240 2518 3684 4857 5241 5390 5715 5756 6045 6483 7147 7240 7353 7588 8214 9594 9603
247 300 352 2240 2412 2962 3032 3379 3454 3543 4717 4750 5099 5584 6452 6530 7697 8046 8260 8839 9139 9340
248 412 450 1441 1452 1987 2224 2962 2999 3249 3547 4282 4655 5412 5839 6802 7221 7997 8756 8778 9151 9324
249 1226 1871 1998 2591 2595 3151 3902 3936 4123 4333 5003 5962 7389 7652 7696 7899 8212 8420 9319 9337
250 170 997 1056 1067 1270 1999 2981 3255 3867 4958 4965 6331 6511 7787 8477 9584
251 880 901 1370 2685 2807 2958 3242 3313 3543 3696 5531 6800 6827 7156 7955 8065 9382 9968 9971
252 726 2345 2649 2986 3463 3977 4200 4627 4765 5329 6018 6426 6428 6440 7160 7167 8225
253 442 485 727 986 1848 1984 2251 2577 2986 4810 5818 5860 6300 8134 8934 9523 9764
254 2 321 625 632 928 2883 3560 3561 3970 4456 5376 6123 7383 7977 8390 9224 9451
255 798 1041 1134 1670 2962 3270 3563 3835 5203 5997 6425 6654 7059 7377 7519 8570 8716 9076 9107
256 943 1644 1725 2992 3584 3620 3702 3894 4311 5580 6129 7220 7776 8876 8887 9830
257 951 1242 1952 2240 2288 3032 4898 6029 6838 7170 7671 8066 8163 8252 8341 8467 8510 8832 8961 8994
258 698 761 1790 2852 3035 3839 4531 4809 5340 5351 5589 6061 6141 6164 6250 6329 7774 8889 9573
259 345 548 813 823 1025 1273 1879 1991 2100 2192 2240 5286 7020 7608 7749 7856 8125 8796
260 79 1053 2002 2489 3276 4901 5893 5896 6458 6640 6996 7134 7359 7499 7688 8212 8371 8902 9666
261 218 765 912 2704 3737 4369 4400 4762 5442 5696 6290 6685 6692 8093 8744 9130 9766
262 590 757 2105 2340 2474 4011 4669 5630 5699 5715 5794 5824 6180 6278 7881 8600 9200 9265
263 760 1079 2962 3671 3846 4705 4802 4870 5059 5715 5962 6341 6445 7240 7289 7618 7880 8236 8468 9275 9356
264 729 1224 1557 2189 3320 3827 3982 4437 4507 5835 7251 7335 7355 7703 7730 8239 9457 9939
265 1383 1399 2472 3757 3989 4245 4377 4840 5962 6458 6613 6707 6737 6918 7311 7736 9325 9935
266 2 340 444 1016 3304 3403 3894 3945 4206 4377 4615 5193 5910 7699 8198 8291 8471 9393 9403 9428
267 305 1496 2141 2240 3670 4135 4216 4314 6075 6195 6349 6613 6811 7654 7762 7883 7987 8058 8111 8387 8751
268 321 1042 1428 1632 2541 3539 3875 4346 4986 5816 6189 6345 6370 6376 8345 8506 8531 8740
269 1244 1261 1413 1473 2240 2607 3012 3423 4811 5554 5848 5913 6429 6613 7198 7771 8290 8408 9811
270 53 1145 1176 1223 1316 2968 3135 4069 4361 5265 5398 5446 5657 6834 8005 8014 9247 9682
271 2 724 1742 2873 2966 3523 3637 3758 4743 4900 4988 5567 6938 7031 7267 7456 7687 9007 9957
272 352 924 1932 2361 2578 2666 2856 3288 3614 3889 4935 6281 6852 8708 9101 9654
273 79 332 483 1496 1938 2240 2325 2491 3099 3510 4004 5064 5096 5715 6205 6620 7033 7413 8453 8543 9671
274 205 303 831 1361 2711 3377 3491 3984 4605 4837 5880 6239 6281 6898 7186 7425 8387 8539 8782
275 83 315 427 511 1585 2391 3894 5170 5248 5593 5715 5798 6905 7825 8514 9285 9898 9995
276 148 311 462 927 2356 2358 4360 4539 5019 5677 5763 6010 6102 6700 7413 7541 8651 9932
277 79 686 1332 1348 2164 2555 3322 4625 5340 5373 5799 6258 6958 7652 7922 8540 8967 9023 9169 9175 9902
278 79 898 1117 1515 2041 2128 2413 2787 2904 3758 4592 5017 5703 5957 6492 6577 9039 9582 9583
279 2 644 2005 2275 3012 4286 4807 5034 6021 6054 6385 6613 6633 6987 7161 7287 7868 8013 9116 9938
280 79 551 2143 2240 2372 2837 3023 3125 5187 5715 6924 6942 6999 7313 7542 8051 8920 9232 9541
281 169 219 991 2267 3053 4243 5352 5762 6038 6306 6765 7116 7234 7543 7875 8491 8835 8939
282 259 1238 2121 2340 2598 3693 3837 5125 5773 6067 7613 7631 7821 8123 8153 9588 9640 9992
283 5 748 1048 1524 1668 2201 2346 2962 3852 3918 4068 4295 5292 5412 5501 5709 6538 7202 9078 9298
284 1809 2240 2963 4254 4385 4838 4929 5172 5915 5962 6465 6507 6926 7054 7077 7727 7740 7874 8148
285 54 692 1375 1787 2114 3215 3331 3650 5862 6067 6105 6920 7262 7653 7762 8042 8460 9245
286 2 1117 1408 3643 3796 4317 4905 5228 5899 6672 7096 7240 7248 7369 7721 7736 8300 8907 8994 9190 9401 9487
287 301 552 799 1388 2014 2355 2416 2630 2754 3044 3823 4179 4735 6216 6481 7438 7713
288 624 1670 2031 2497 2924 3053 4574 5502 5772 5775 5908 6386 6938 7055 7212 7237 8331 8492 9414 9865
289 1916 2816 3405 3624 3779 3894 4258 5156 6190 6217 6464 6568 6619 6935 7834 8419 8612
290 391 394 712 1471 1898 2238 5062 5977 6030 6431 6467 6599 6772 7285 7894 8142 8663 8920 9782
291 2 149 321 451 935 1534 1850 2389 2791 2844 3104 3183 3836 4937 6679 6978 8117 8547 9007 9358 9565
292 578 984 1004 2127 2553 4012 4180 4326 5303 5369 5870 6404 6556 7641 7788 9842 9994
293 2 1352 2266 2288 2936 3012 3326 3894 4531 4695 4841 4944 5094 5715 5988 6851 7559 7575 8215 9007
294 252 577 1966 2140 3719 3808 4464 4728 5257 5478 5482 5667 5740 5962 5964 6613 6687 6712 6737 7360 9645
295 369 732 849 2124 2160 2327 2338 4612 4941 5327 6296 6547 6656 7036 7318 7325 8488 9731
296 61 2538 2962 3178 3241 3708 4484 5368 5918 6209 6467 6538 7040 7076 7151 7395 9066 9244 9335 9968
297 810 1248 1930 2439 3541 3830 4106 4272 4391 4755 5788 6116 6185 6896 7240 7699 8505 9173 9351
298 1181 1648 1909 2198 2288 2923 2962 3032 3265 3894 3997 4117 4150 4475 5926 6068 7848 8269 8690 9496 9533
299 101 182 271 321 647 1002 1299 1668 2175 2790 4714 4976 5548 5569 6547 7118 8450 8762 8906
300 227 639 1964 2288 4336 4340 4778 4942 6327 6542 6865 7086 7266 7862 8145 8499 8954 9171
301 79 971 1230 1533 1638 1688 1833 2989 3146 3885 3895 4664 5752 6289 7577 7652 8668 8997 9109
302 323 1315 1774 1923 2284 2962 4212 5075 5141 5754 6351 7021 8130 8431 8842 8981 9217 9842
303 352 1042 1339 1445 1474 1760 2256 2557 2850 3312 3364 4719 5252 6496 7267 7762 7998 8116
304 13 79 793 847 1668 1847 2182 2679 4032 4158 4161 5175 7956 8359 8449 8688 9578
305 1929 3111 3713 5448 5535 5622 6044 6635 7874 8083 8466 8792 8837 9312 9478 9646 9834 9991
306 420 1380 1942 2065 2240 2870 3079 3754 4197 4527 5097 5212 5645 8004 8137 8302 9626 9926
307 165 172 673 1050 2240 2810 5294 5507 5963 7331 7544 7762 7791 8205 8265 8725 9178 9481 9755 9757 9928
308 18 63 202 862 1711 2601 3528 4286 5268 6136 6515 6526 6612 7899 8994 9007 9628 9827
309 336 427 684 1105 1476 1633 1672 1799 3642 4950 5011 5322 5340 6261 6681 6936 8918 9209 9778
310 1414 2319 2401 3111 3316 3572 4442 4535 4855 5146 5596 5920 5966 6031 6086 8085 8125 8478 9260
311 2 695 1336 2288 2552 2570 2884 2962 3319 3994 6327 6983 7066 7770 8275 8703 8711 8720 8878
312 130 427 586 1162 1761 1979 2240 2277 3231 3899 4429 5320 5534 5552 6014 6336 6547 6695 7042 9533
313 463 663 728 761 847 1000 1622 2079 3529 4266 5962 6938 6979 7486 8162 8462 8483 9295
314 90 147 469 617 1125 1358 2721 2800 2867 2925 3409 3526 3535 3669 5341 5680 6030 7652 9495
315 2 79 1260 1393 2195 2708 2819 3284 3821 4814 5715 6088 6259 6666 8282 8491 9063 9640 9970
316 2 906 1439 3376 3830 4933 5456 5587 6572 7055 7309 7495 7795 8758 9021 9740
317 2 79 1654 1731 2638 2970 3127 3964 4888 5737 5912 5950 6480 6777 6959 7001 7363 8674 8687 9013
318 2 1364 1681 1978 2480 2962 2983 4688 4815 4879 5388 6590 6956 7657 8431 8518 8539 9160 9866
319 321 545 1637 1745 1858 1865 2327 2673 3877 4742 5924 5976 6512 6859 7355 8294 8864 9075 9083 9223 9255
320 2 555 1425 2344 2737 3103 3326 3983 4124 4832 5263 5706 7551 7713 8557 8797 9347 9435
321 379 897 1086 2063 2668 2745 3185 4309 5150 5234 5322 5504 5762 7393 7557 8363 9376 9955
322 979 1550 1940 2986 3200 3991 5947 6827 6909 8247 8885 9007 9093 9306 9359 9526 9720
323 76 1373 2101 2383 3415 4116 4311 5111 6547 6636 6725 7013 7244 7790 8032 8143 8604 8947 9138 9676
324 321 1265 1389 2314 3233 3894 4028 4170 4590 5072 6071 7062 7154 7392 7652 8204 8603 8635 9007 9211
325 137 710 1101 1668 1779 2327 2628 4176 4352 4587 5715 5785 5876 5953 5962 6601 6671 8087 9119 9259 9969
326 2 183 1640 1762 2855 4432 4510 5623 5981 6688 6997 7120 7293 7793 8005 8566 8583 8620 8952
327 77 105 738 1534 1798 1815 2985 3230 5193 5340 5663 5796 6000 6266 6892 8697 9145 9244
328 427 1859 2264 2551 2771 2950 3864 4683 4955 6229 6397 6543 7975 9551 9723 9848
329 440 500 608 843 1838 2171 2302 2962 3106 3160 4783 5224 5375 5401 5880 6991 8387 8639 9615 9818
330 38 75 79 753 2000 2288 2654 2978 3298 3714 3877 3965 4449 5479 6187 6613 6705 7709 8698 9103 9763
331 2 662 1669 2155 2232 3003 3032 4151 4767 5958 6211 6771 7191 7771 7831 8293 9164 9555 9949
332 255 358 1174 1508 1523 2028 2683 3915 4171 4860 5684 5758 6550 7074 7199 8086 9013
333 56 390 450 970 1206 3236 3527 4924 5064 6019 6138 7545 8113 8122 8991 9318 9775 9804
334 117 321 1105 1284 2197 2211 3066 3574 3699 3885 4314 5803 5871 5961 7435 7759 7787 7833 8976 9750 9940
335 559 768 1042 1324 1520 1731 2962 2986 3932 3944 4026 4304 4616 5219 5384 5690 7498 8102 8470 8491
336 2 23 817 1752 1832 2240 2760 2833 2875 3373 4169 5333 5750 5997 7137 7841 8491 9806 9946
337 380 575 722 2893 3153 3158 3830 4057 4583 4638 4667 4806 5254 5437 5653 6032 6718
338 925 1073 1746 2962 3158 3381 3408 3877 4318 4982 5364 5451 5992 6103 6465 6576 7200 9261 9717
339 1148 1903 2690 3138 4289 4517 5013 5412 5797 5813 5973 6436 6675 7044 7088 7887 8134
340 183 661 1091 1686 1728 1994 2003 2340 3086 3163 3363 4549 4951 5379 7017 7232 7274 7652 7949 8888 8910
341 1717 2488 2760 2962 3516 4497 4575 4670 4770 4845 5661 7452 7699 7846 7895 8226 8663 9160 9984
342 368 465 1092 1398 1668 2149 2546 3532 3762 3992 4310 4327 5898 7285 7306 7949 8136 9086 9475
343 520 546 1071 1680 2240 2555 2696 3555 4292 5112 5670 6334 6466 6482 6824 8429 8882 9884
344 935 1521 1716 2301 3666 3758 4672 4901 5251 5833 6274 6574 6613 7101 7194 7746 7796 8896 9301
345 354 416 446 1534 2323 2951 4070 4697 4736 5677 5715 6743 6921 7065 7695 8127 8307 8465 9341
346 352 376 511 574 640 1450 1876 3189 3232 3720 4332 5724 5770 6534 7041 7291 7567 8129 8249
347 79 421 468 707 1454 3256 3388 3434 3869 3870 4552 5053 5431 5996 6827 6944 7606 8372 8770 9876
348 79 81 1271 1351 2175 2209 2242 2465 3182 3818 4325 6177 6492 6715 7045 8375 9705 9908
349 3 79 434 705 1341 1435 3344 3803 5726 7012 7545 7558 7844 9026 9051 9735 9874
350 79 215 321 1164 2483 2618 3397 3456 4314 4546 5098 5716 5789 6521 8084 8357 8598 9018 9453
351 393 874 935 1737 2881 3064 3794 4176 4765 4903 4967 4968 5671 5869 6740 8405 8662 9758 9968
352 682 2456 2500 2773 2877 3431 3959 4234 5002 5385 5600 5715 5897 6534 6547 7179 7598 7965 9284 9301 9533
353 1829 2445 2699 2998 3027 3697 4613 4628 6143 6938 7153 8242 8246 8595 8765 9464
354 400 1505 1884 1925 2120 2193 4269 4661 4677 5590 5610 6960 7438 7546 7637 9045 9990
355 295 569 797 977 1743 2560 2962 3537 4249 5255 5298 6416 6871 7219 8844 9044 9920
356 79 138 1451 1534 1668 2240 2669 2704 3274 3458 3509 3873 5555 5980 6698 7278 7496 8666 8907 9708
357 1022 1501 1720 2962 3285 4788 4847 5284 5941 6424 6613 6810 6967 7751 8343 8421 8908 8938 8942 9139
358 904 1141 1598 1657 3805 3894 4800 5634 5795 6076 6327 6643 7981 8121 8293 8757 9218
359 1219 2263 2839 3736 4483 4962 5342 5578 5601 6938 7569 7732 8529 9327 9496 9533 9713 9900 9968 9993
360 351 1058 1668 1763 1796 2767 4565 5295 5925 6178 6382 6709 7018 7153 8171 8661 9244 9386
361 666 708 1871 2085 2962 3470 3876 3985 4036 4579 5246 6752 6955 7371 7739 8296 9129 9979
362 1231 1535 2027 2317 2464 3074 3082 3524 4356 6005 6946 7095 7430 7525 7736 8068 8312 9831
363 467 1128 2750 2774 2825 2962 3753 3783 3978 4127 5035 5105 7570 7992 8362 8376 8498 8672 9254
364 51 374 677 813 979 2443 3884 4257 4724 5277 6212 6230 6799 7068 7162 7692 8310 8936
365 1920 2240 2823 3017 3336 3661 4151 5660 6402 7239 8027 8284 8555 8729 8926 8927 9387
366 207 458 475 812 2095 2962 2986 3760 3827 4180 4415 4437 4764 5597 6768 6815 7892 8074 8081 8706 9904
367 76 439 650 709 1208 1294 1299 2072 4153 4960 6413 7243 8118 8713 8988 9669 9690
368 206 1112 1866 2240 2310 2333 2407 2774 3345 3404 3841 5715 6028 6724 6778 7255 7413 8045 8106 8220 9968
369 1423 1843 2254 2398 2545 2555 3120 4004 4607 4882 5783 5849 6041 6414 7972 8446 9096 9903
370 1697 2128 3752 3832 4162 4260 4855 4902 5168 5575 5787 5892 6438 6616 7053 7709 7822
371 2058 2286 2840 2875 2962 3004 3424 3704 4063 5067 5628 5869 5945 5983 6167 6614 7732 8030 8990
372 79 238 287 759 1055 1134 1297 1411 1904 2559 2777 3111 5201 5387 6844 6933 7840 8671 9028
373 79 930 1060 1826 1935 2979 4836 4909 5852 6001 6296 6388 7174 7460 7813 8562 9129 9354 9368 9371
374 427 712 735 1344 3148 3220 3513 3986 4571 5962 6130 6174 6451 6832 6914 7989 8138 8319
375 541 1083 1956 2240 2583 2929 3745 4352 4691 5089 5183 5230 5868 6085 6099 6570 7865 8035 8197 9993
376 438 521 1675 1846 2030 2994 3043 3659 3710 4723 5492 6049 6152 6938 7924 7949 8848 9007 9691 9859
377 955 2458 2820 3145 4307 4542 4645 4909 5250 5362 5906 5962 6173 6506 6775 6839
378 858 1391 2171 2260 2536 2555 3348 3792 4694 6121 6327 6881 8457 8599 8630 9040 9167 9185 9224 9338
379 2 62 1238 1402 1422 1481 1668 2426 2847 3425 3433 5583 5962 6234 6975 7012 7272 7744 7811 8808 8890
380 674 1049 1429 2203 2469 3982 4033 4693 4871 4999 5299 5349 5715 5943 6176 6650 7880 9138 9615 9751
381 129 1955 2533 3056 3184 3502 3520 4302 4413 4489 5702 7951 8634 9177 9747 9852
382 1934 2248 2393 2586 2915 2962 3069 3352 3610 4331 5748 6470 6487 6938 7055 7372 9202 9304 9809 9930
383 372 935 987 1010 1051 2240 3578 3860 4296 4908 6855 7455 7554 7806 9127 9878
384 935 1627 1941 2182 2617 2699 3623 3996 4751 4765 5054 5182 5220 6467 6528 6774 8264 9519
385 226 660 755 1134 1482 3602 3746 4097 4213 4340 5414 6470 7728 8535 8628 8700 8948 8994 9043 9533
386 153 208 839 1277 1463 1540 1625 2270 2463 2566 2962 5402 6717 6773 6778 7553 8456
387 28 1395 2962 3132 3758 4985 5264 5365 5515 5519 5595 6829 7153 7196 7226 7362 7629 7709 8212 8928
388 879 925 1121 1579 2093 2540 2572 3113 3441 3652 3798 4438 5951 6683 8150 8360 9216 9607 9666
389 321 382 654 2351 2422 2524 2542 2809 3789 3885 4399 4820 6040 6474 6836 6917 7693 8217 8406
390 1129 1149 2115 2240 3711 3781 4181 4705 4939 6218 6621 7340 8392 8614 8645 9802
391 321 1252 1590 1794 2409 2569 2794 2943 3582 3801 4152 4721 5972 5990 8406 9179 9448
392 183 2114 2228 2674 3296 3819 3964 4000 8440 8594 8646 8916 9181 9281 9576
393 321 482 739 756 820 1299 2288 2934 3385 4199 5107 5318 5682 6903 7327 7579 7736 9968
394 43 79 84 132 2452 2543 3541 4020 4187 4727 6104 6478 7669 7949 8167 8542 8739 8919 9607 9906
395 777 949 2051 2662 3024 3656 4692 5145 5161 5962 6269 6557 6744 7192 7710 8140 8459 8958 9372
396 815 1287 3293 4045 4154 4234 5370 5677 6613 6692 6736 7489 7720 8088 8447 8994 8996 9883
397 522 716 854 1376 1434 1665 1773 3327 3468 3657 4339 5214 6545 8196 8841 9822
398 79 321 600 751 838 3285 3350 4095 4602 5457 5877 5995 6146 6250 6471 7276 7732 8011 9007 9107
399 283 437 745 1061 1805 2136 2526 2571 2859 3515 3566 3597 3680 4434 5057 5767 6518 6613 9600
400 96 1557 1954 2168 2954 3159 4195 4577 4658 5968 6669 7141 8364 8592 8743
401 427 1296 1652 2050 2240 2856 3164 4199 4538 4909 5902 6457 7503 8003 8193 8671 8790 9480 9623 9743
402 200 915 1052 1657 2580 3041 3172 4400 5080 5624 6119 6133 6968 7009 7337 8406 9085 9659
403 321 631 2013 2377 2986 3025 3267 3489 3561 4411 4959 5090 5433 6265 6613 6644 6667 6862 6938 7413 8747
404 2 98 542 1238 2097 3783 4626 4909 4917 5768 5857 6065 6267 6280 8033 8177 8615 9007 9208 9733
405 276 683 918 1957 1959 2434 2799 3093 3436 5326 5715 6270 7008 7085 8388 8411 8935 9399
406 1233 2121 2988 3375 3395 3543 3822 3901 3968 4140 4938 5063 5317 5836 5962 6873 8259 8428 8439
407 837 936 2554 3074 3422 3533 4047 4133 4646 5155 5468 6555 6584 6923 6949 7992 8804 8979
408 535 1035 1616 1774 2288 2996 3238 3244 3562 3894 4247 4940 5223 6324 7439 8427 9684 9781
409 241 321 910 1360 1625 1853 2013 2240 3417 4054 4763 4901 5166 5884 6482 7969 8731 8764 9533
410 427 513 1514 1548 2146 2320 3042 4062 4326 5311 5374 6196 6503 6647 6883 7510 7737 8105 9330 9968
411 450 742 1005 1834 2872 3079 3297 3394 4091 6334 6348 6351 6618 7549 7552 9797
412 830 2114 2340 2952 3783 4176 4632 4671 5332 5437 5604 5695 6588 8474 8658 8900 9004 9097 9566
413 411 554 1368 1979 3419 4444 5504 5572 5889 7256 7824 8277 8678 8815 8922 9268
414 110 244 447 2066 2673 2729 3009 3106 3202 3544 3894 4435 5064 7123 7246 7925 9545 9608
415 857 964 1117 1202 1541 1880 2779 3225 4134 4397 4527 4805 5656 6101 7624 7863 8994 9681
416 79 243 427 1668 1992 2575 3982 4531 5065 5093 5276 7169 7356 7801 8157 8304 8746 9007
417 427 634 783 941 1601 1710 3568 4159 4606 5178 5271 5683 6494 8235 8660 8759 9222 9436 9605
418 108 205 1026 1715 1749 2038 2742 4042 4819 7034 7903 8121 8193 8618 9296 9609 9837 9974
419 6 328 1050 1840 1845 2962 3427 3514 3531 4013 4364 6150 6258 6701 7656 7762 7949 8092 8854 9007 9230
420 714 1419 1529 2177 2590 2647 2858 3894 4129 4558 5102 5715 5880 6225 6793 7028 7304 9055 9637
421 14 79 1118 1851 1948 2099 3427 3632 3790 3982 4314 4741 5040 5536 7006 7049 8125 8962 9901
422 732 905 1137 1956 2240 3146 4203 4340 5056 5359 5450 5742 6840 6928 7303 8224 8445 9366 9591 9842
423 1538 1645 1694 2272 2407 3096 3126 3316 3742 3748 4531 4760 6394 6544 9141 9244 9301 9332 9533 9842
424 79 569 1765 2121 2233 2240 2335 3897 4502 4591 5029 6408 6545 6713 7280 7810 7883 7893 9067
425 79 321 569 652 745 1125 2462 2549 3133 3743 3809 4906 5438 6437 6537 6583 7178 7699 8361 9212 9945
426 254 449 593 1058 1953 2213 2339 2962 3095 3144 3379 3700 4367 4920 4928 5177 6390 7784 8009 8125
427 159 571 1034 1572 2294 2666 2671 2878 2907 3553 3961 4664 5713 5715 6558 7448 7457 8079
428 1292 1510 1536 2480 2643 3616 4191 5723 6842 7150 7591 8343 8481 9008 9060 9655 9688
429 860 2052 2255 4199 4422 4913 5022 5074 5307 6280 7268 7436 7521 7590 7702 8037 8649 8809
430 2 33 514 4215 4223 6460 6547 6549 6803 7295 7779 8156 8202 8248 8257 8526 8632 8830
431 116 321 1527 1710 2308 2744 3865 4060 5162 5367 5905 6226 6362 6739 7699 7804 7836 8726 9502
432 1185 2350 3975 6260 6404 6940 7138 7416 8175 8491 8655 8789 9290 9622 9803
433 486 2058 2121 2161 2730 3022 4039 4553 5103 5386 5508 6101 7855 8853 9139 9301 9310 9534 9903
434 321 456 1045 2615 3122 3307 3667 3703 4337 4420 4668 6580 6729 6758 7085 8049 8180 8501 9008 9653
435 2 507 725 1503 1937 2274 3144 4178 4341 4558 5728 6309 6722 7380 8103 8463 9244 9842
436 232 259 1130 2240 3119 3900 4728 5273 5441 5445 5692 5880 6021 6203 6311 7107 7668 7816 9091
437 690 1426 2264 3169 3800 5026 5130 6015 6101 6315 6525 7126 7634 8152 9593
438 388 726 1299 1753 2508 2532 3074 3376 3473 3869 4044 4749 5038 5793 6853 7536 7798 7852 8994 9162 9842 9886
439 1518 1788 2100 2440 3012 3863 3877 4512 4730 5104 5240 5359 5880 6611 6673 8711 8742 9459 9868
440 321 1690 2043 2327 2661 2887 2962 2984 3154 3883 4073 4511 5890 5900 5933 7459 7759 8060 9199
441 592 917 1182 1220 1375 2240 2662 3051 3707 3845 5154 5483 6170 6573 6594 6837 8610 8921 9842
442 128 1647 2290 2920 3077 4210 5743 5873 5880 6233 6356 6613 6624 7182 7699 8461 8978 9042 9206
443 321 447 527 2337 2812 3607 4199 4463 4580 5465 5815 6938 7157 7429 7490 7732 8250 8448 8609 9768 9844
444 36 646 670 887 1571 1786 2879 2906 3083 3792 3894 3926 4626 4926 6148 6547 7640 7797 8486
445 139 142 427 827 1432 2135 2240 2600 2806 2858 4128 5752 7277 7413 7500 8431 9595 9836
446 1323 2225 2522 2555 2962 3000 3753 4389 4529 4828 5909 6603 6934 7104 7336 7537 8686 9198 9533 9821
447 792 2060 2765 2892 3936 3939 4365 5668 6249 7650 8077 8677 8681 8707 9265 9544
448 779 2129 2422 3074 3174 3683 4341 4785 5157 5573 6187 6613 6804 7307 7349 7379 7569 7736 8480 9545
449 183 191 868 1855 3495 4010 4299 4619 5132 5199 5635 6022 6258 6312 7845 8131 8164 9197
450 246 501 865 949 1774 1958 2083 2939 2962 3193 6014 6244 6608 6613 6890 7233 8513 9146 9635
451 321 1489 1668 1874 2513 2725 2769 2929 2962 2969 3012 3508 3914 4173 6196 7415 8337 8716 9423 9739 9947
452 73 105 321 1340 2102 2962 3316 4066 4660 4931 5978 6884 7234 7350 7795 8029 8560 9416 9442 9485
453 324 2438 2911 2947 3031 3264 3703 3728 3936 4041 4557 4567 5715 6778 7296 7381 8054 8574 8812
454 320 331 733 1264 1888 2240 3004 3579 4300 4665 4760 5572 5701 6073 6980 7209 7410 7433
455 32 309 979 2240 2704 4772 5143 5236 5339 5730 5887 6070 6484 6628 7188 7484 7759 8686 9070
456 102 1421 2138 2449 2692 2828 3318 3585 3936 4491 4593 4664 5389 5928 8097 8904 9069 9903
457 84 316 1077 1194 1256 1272 1534 3012 3046 5748 6285 7659 7819 8287 8431 8469 9309 9388 9954
458 412 2111 2271 2287 2817 3052 5069 5437 5715 6082 6091 6333 7745 7845 8125 8548 8608 9563
459 447 1613 1698 2158 2262 2379 3028 3771 4040 4578 4786 5023 5474 5547 6945 7517 8451 8925 9545
460 52 321 1262 1651 1763 1956 1962 2903 3356 3772 4007 6467 7273 7604 7651 8832 9149 9308
461 720 1512 2327 3292 3694 3999 4706 5415 6369 6967 7039 7486 8278 8367 8470 8508 8880 9005 9728
462 2 856 1774 1808 2739 2962 3363 3802 5506 5674 6004 6258 6712 6741 7889 8028 8653 8715 8775 9683
463 216 321 982 1263 1459 1646 3783 4193 4199 4414 5715 6054 6134 6731 7568 7611 7966 8021 8822
464 630 1407 1412 2202 2460 3352 3678 5583 5748 5838 6469 6938 7949 8191 8301 8491 8712 8855 9014 9569
465 150 637 1668 2719 2741 3014 3098 3432 3518 5734 6354 6692 7227 7347 7630 7773 8055 9842
466 300 381 2222 2313 2448 2589 2927 3007 5200 5393 5649 6184 6547 9460 9815 9890
467 2 601 2565 2666 3446 3722 3976 4115 5748 6044 6223 7382 7562 7901 8069 8911 9023 9933 9986
468 321 349 633 884 1237 1301 3689 5444 6257 6332 6947 7022 7092 7290 7330 7762 8644
469 2 321 1036 1137 1662 3310 3840 3941 4766 5962 6256 6941 7133 7614 8256 9094 9453 9643
470 925 1655 2555 3188 3428 4252 4455 4734 4771 5783 6036 7976 7984 8022 8061 8924 9507
471 126 1679 2240 3211 3894 4077 4652 5033 5185 5499 5842 6248 6899 8268 8986 9262 9749 9753
472 550 2048 2331 2680 4280 5507 5705 5826 6453 6833 7886 8654 9391 9545 9731 9950
473 293 395 937 1104 1752 3596 3830 4189 5350 5356 5490 5962 6448 7063 7987 7993 8114 9685 9903
474 208 406 1181 1997 2292 2296 2466 2986 3368 3564 4765 5556 6024 6961 7700 8067 8230 9885
475 109 163 195 321 512 638 1238 2778 2890 2962 4921 6694 6931 7001 7285 7367 7511 8800 9233 9615 9618 9867
476 2 648 1020 1342 1625 1647 2117 2121 2550 4386 4501 4644 5459 5715 6821 7677 8130 8534 8949 9592
477 123 249 847 961 1328 2501 3002 3371 3621 5127 5655 6063 7505 8124 8270 8524 9313 9712 9842
478 356 1200 1516 1950 2382 2986 3113 3273 3825 3982 4188 6166 6214 6360 6825 6990 7143 7706 7946
479 405 956 2614 2796 3214 3377 3706 4240 4554 5443 5962 6163 6463 6613 6749 7880 9013 9344
480 532 818 1124 1205 1480 2447 2866 3260 4965 5045 5189 5400 5801 6672 8015 8794 8861 9182 9199
481 230 931 2406 2685 3552 3682 4314 4537 4787 5397 5659 7120 7361 7477 7642 8843 9331
482 167 321 829 1158 1979 2519 2562 2651 2876 3810 4166 5211 5891 6134 7285 7456 7858 7885 8314 8484
483 2 944 948 1442 1984 2512 2655 3141 3251 5761 5821 5936 6325 6648 8495 8793 8841 9030 9887
484 657 789 2064 2218 2240 3147 3149 5917 6369 7117 7216 7734 8194 8734 8814 9155 9669
485 179 374 1293 1736 2144 2156 2790 3074 3592 4566 4703 4801 5141 6064 6728 6938 8315 8883
486 321 518 687 1314 1807 2288 2616 4462 5081 5207 5551 5677 6060 6584 6739 7386 7952 8141 9199 9711
487 264 1522 2235 2289 3091 4024 4199 4343 4504 4650 4774 4925 6675 7961 8788 9425 9444 9787
488 450 929 1427 1685 2282 2962 3507 3967 4381 4513 5353 6059 6258 7919 8493 8644 8874 8999 9075
489 526 563 626 650 731 998 1668 2802 2962 4148 4168 4393 4991 5406 5462 6468 7949 8176 9032
490 200 321 1377 1424 1642 2263 2291 2798 2962 3081 3121 3936 4969 5253 5307 6538 6780 6908 7301 9942
491 2 44 120 285 822 1354 3411 4093 4324 4442 4739 5985 7781 7949 8020 8043 8053 8737 9624
492 30 79 175 223 744 1307 1639 3804 5272 6049 7219 7320 7438 7842 8002 8329 8689 8823 9418
493 183 597 1103 1236 1280 1817 1982 2136 2608 2747 6476 6532 6665 7777 7948 8210 9007 9089
494 45 122 155 325 770 935 1306 1600 1889 2017 2679 3089 3395 4008 4639 5417 6101 6781 7391 7949 9611
495 701 893 1561 2811 2909 3180 4055 5715 5880 5993 7153 7193 7206 7314 7791 8433 9079 9197 9581 9833
496 1139 1256 1291 1366 1464 3101 3371 3936 4078 5283 5343 6095 6258 6746 8336 8387 8581 9195 9430 9915 9930
497 2 329 2660 3471 3987 4311 4478 4853 4886 4957 6473 6759 7057 7632 8150 8209 8288 8787 8879 9040
498 259 1209 1348 1624 2327 2366 3105 3950 4663 4843 5109 5321 6170 6748 8130 8624 8732 8801 9239 9510
499 26 104 319 457 671 867 935 2321 2602 3894 4789 5654 6117 6613 6738 7504 8130 8245 8622 8685
