100
0 0 1 5 6 9 10 16 30 32 33 35 36 38 43 45 51 52 61 104 110 137 138 180 184 210 236 288 339 554 709 720 756 797 1137 1384 1541 1558 1702 1847 2045 2526 2825 2841 2978 3489 4048 4460 4738 5448 6045 6915
1 0 3 4 6 7 8 10 19 22 24 26 27 28 30 37 38 41 42 56 57 63 65 72 76 85 88 92 123 138 159 177 231 238 240 323 396 398 404 425 436 815 869 1089 1632 1679 2158 2572 2902 3912 4589 7269 7292 8734
2 2 4 8 11 14 21 24 33 36 44 45 49 54 59 62 64 69 82 83 94 96 102 104 108 132 138 148 156 168 179 214 221 264 321 339 536 554 940 2264 4063 4859
3 0 2 7 12 15 17 21 27 31 42 54 56 65 70 92 121 125 141 150 161 199 222 235 253 256 257 299 346 419 426 447 585 735 906 1362 1434 1456 1549 1671 1734 1958 2385 2572 2696 2717 2738 2840 3097 4361 7977
4 0 5 6 9 15 26 30 102 106 110 120 157 173 229 257 335 392 433 511 514 671 941 1336 1623 1628 1679 1843 1881 1956 2052 2112 2132 2431 2478 2706 2791 3033 3293 3348 3689 3767 3769 3975 4178 6147 6913 7275 7287 7687 8518 8901
5 1 3 4 8 12 20 24 25 28 32 36 39 61 62 68 76 90 91 93 94 97 107 125 139 155 158 180 193 240 303 422 611 637 686 739 747 933 1274 1310 1334 1541 2478 2614 4258 7234
6 0 8 9 10 13 14 18 21 30 31 34 40 50 52 60 71 72 75 86 89 95 99 112 133 135 137 146 157 170 172 176 388 442 684 954 1184 1310 1476 1613 2431 4500 7624
7 2 3 9 12 13 15 18 20 24 28 37 46 47 55 60 63 66 68 72 79 89 96 97 102 115 116 145 157 166 173 197 198 277 316 342 459 555 583 650 725 843 977 1173 1290 1310 1496 1805 2045 2264 2304 2402 2768 3211 3379 3424 7624 9425 9517
8 0 1 2 5 6 7 9 11 12 13 14 15 17 18 21 25 35 40 50 52 54 58 64 74 75 110 126 135 151 158 178 199 253 280 415 484 485 549 596 684 735 940 1287 1290 1388 1440 1468 1572 2308 3198 3692 4703 5247 5367 5515 8080 9030
9 0 1 2 5 6 7 9 10 14 15 19 33 44 47 55 58 62 64 65 69 70 72 78 82 83 97 99 103 110 117 120 126 142 155 158 163 204 403 417 468 510 516 650 808 873 899 1122 1510 1881 2024 2735 5200 6729
10 0 2 3 6 8 9 10 11 12 15 16 17 20 21 22 23 26 27 28 30 35 36 37 39 42 43 47 59 65 72 80 138 145 168 256 468 482 513 621 708 824 914 940 1275 1707 1737 1826 2701 2848 2871 4266 5031 5276 5725 5926 6049 9047
11 0 5 6 8 11 13 18 30 34 39 48 51 55 64 65 73 75 79 93 97 111 114 116 117 136 142 206 248 327 442 477 671 1183 1334 1671 3849 7559
12 0 1 2 3 4 5 6 7 8 9 10 11 12 14 15 16 19 20 22 23 26 28 31 36 38 43 45 48 51 54 58 69 82 88 114 121 126 138 155 221 421 554 595 632 731 1077 1263 1310 1502 2371 2757 3483
13 0 1 6 11 14 18 21 27 38 45 50 57 69 83 93 107 124 240 249 252 355 393 429 567 572 595 611 885 976 1042 1156 1271 1452 1597 1967 1981 2142 2198 2464 2509 2579 3284 3525 3600 3700 3839 4350 5834 5902 6644 7658 8116 8688 9888
14 0 4 6 8 17 19 30 37 45 49 60 63 92 94 112 119 130 143 185 186 224 229 252 290 303 331 349 362 371 398 450 456 482 503 708 807 1077 1097 1122 1207 1452 1590 1902 2153 2205 2614 3457 4371 5069 5850 6656 9225
15 1 2 5 7 8 10 16 21 23 30 33 42 43 52 55 63 67 72 84 87 92 113 138 147 153 160 182 183 206 212 216 259 331 500 513 561 660 1495 2700 3082 9957
16 0 1 9 14 19 21 40 51 78 140 151 167 176 184 195 250 256 288 289 355 417 418 461 506 659 681 725 762 819 848 933 948 999 1027 1100 1315 1754 1959 1985 2268 2744 2983 3054 3500 4023 4371 4848 5429 6031 6630 7367 7791
17 0 5 6 8 9 16 17 62 87 199 210 247 252 273 329 345 346 418 435 454 510 583 665 694 731 751 763 797 879 946 1030 1185 1352 1524 1554 1667 1743 2033 2145 2202 2232 2296 2342 2981 3243 3274 3306 3900 3923 3977 4167 4343 4607 5218 5278 5404 5893 6049 6378 8015 9470 9927
18 0 1 3 7 8 10 14 19 25 26 29 32 33 35 42 56 60 62 66 99 118 120 135 138 161 175 204 245 267 280 355 389 390 393 583 646 686 728 747 750 879 979 1171 1251 1369 2138 2688 3983 4102 4388 5381 5634 6234 9611
19 0 2 3 9 17 18 25 28 30 34 47 56 61 62 67 70 78 81 84 86 92 120 126 131 134 139 184 236 250 253 285 298 303 309 346 358 382 480 482 764 871 995 1119 1171 1184 1427 1468 1524 1548 1572 1737 1799 1900 2208 2264 2374 3046 3142 3244 3447 3455 3477 4978 5926 5990 6698 8488 9768
20 0 1 2 3 4 9 11 14 15 16 17 19 20 22 27 33 35 36 41 43 44 56 57 75 87 106 119 138 148 159 176 199 232 249 436 491 907 1117 1169 1225 1290 1771 2150 2298 2849 4225
21 0 1 3 5 6 9 10 13 14 15 18 19 20 22 23 25 27 28 33 37 41 47 48 51 54 69 71 74 79 84 96 103 110 120 138 146 176 184 198 199 233 325 389 403 494 583 841 859 1350 1482 2264 2955 3158 3849 4247
22 0 1 2 3 4 5 6 7 8 9 10 11 14 15 16 17 19 21 23 26 27 29 30 32 38 40 41 44 45 51 57 58 63 69 70 73 74 107 114 117 133 138 148 155 193 224 236 240 355 356 442 468 859 1290 1310 2818 6035 9517
23 0 4 6 7 10 15 16 17 35 40 42 46 52 55 58 70 78 84 86 95 120 126 138 152 160 161 172 195 207 226 230 250 343 426 462 468 482 554 595 671 881 1351 1407 1429 1506 2169 2216 3244 5990
24 0 5 6 8 12 15 19 21 22 32 37 42 55 57 74 77 80 91 102 103 104 105 115 124 128 138 149 185 188 197 231 236 252 269 271 305 644 708 769 1151 1502 1671 2168 6138 7373
25 0 2 3 4 7 8 9 12 16 17 22 26 32 35 36 38 40 44 47 49 63 64 72 82 88 101 131 138 140 147 161 164 236 342 425 602 850 1200 1482 1554 1610 1667 2106 2264 3251 3262 3398 3880 4724 5482 6115 7242 7382 8243 9677
26 0 5 6 8 12 22 24 25 45 47 63 66 84 91 112 120 131 134 139 161 168 206 210 222 234 258 267 303 313 329 342 409 415 432 446 485 526 585 859 890 1019 1420 1967 2195 3194 3975
27 0 3 4 8 17 18 19 24 25 34 35 37 41 44 45 47 53 57 69 70 77 79 98 100 119 121 122 124 132 164 172 221 300 343 443 552 646 815 849 1117 1671 1954 3467 7753 8761
28 0 2 8 10 14 22 24 31 42 44 52 64 67 70 77 81 93 103 107 114 117 121 131 132 144 148 198 253 258 264 272 301 383 478 708 968 975 1031 1150 1151 1656 1917 2576 5921 9517
29 0 5 6 8 11 12 13 15 31 37 44 48 57 74 131 137 139 176 184 191 223 231 236 270 274 278 281 329 332 335 337 350 360 393 442 490 496 650 793 899 1669 1673 1697 1803 1881 2153 3158 4226 4266
30 0 1 5 7 27 36 60 63 65 82 110 128 148 149 150 155 162 187 224 234 274 275 294 372 465 602 610 612 621 625 687 968 1026 1210 1332 1369 1401 1428 1447 1610 1979 2014 2048 2076 2274 2385 2735 3502 3870 4514 4597 4801 6097 7774 8365 8875 9543
31 1 3 4 5 6 7 8 10 12 13 14 16 17 18 19 20 23 24 30 39 47 52 53 55 58 63 96 102 105 119 175 178 211 280 408 482 621 867 881 915 1052 1093 1106 1734 1911 1989 2504 3008 5921 6141 6385 7454 8707
32 1 2 3 4 7 11 13 14 18 19 20 21 23 25 27 29 31 34 35 37 38 47 60 65 66 74 82 91 101 120 126 128 131 176 186 197 232 331 404 549 968 1315 3398 3849 3992
33 0 2 4 8 9 11 15 20 28 29 31 38 46 50 51 53 54 69 73 74 82 83 139 158 168 180 193 204 222 228 243 299 356 404 598 609 659 679 681 708 724 900 940 961 968 980 1011 1114 1284 1365 1793 1930 1954 2214 2348 2444 2521 2848 3097 3119 3483 3563 7086 7387
34 0 1 2 5 6 7 8 9 11 14 15 17 19 20 21 25 26 33 39 40 46 57 64 69 71 73 79 91 96 102 137 140 155 168 216 305 371 391 900 1575 1737 1809 2713
35 0 1 2 4 12 16 18 28 35 37 61 69 108 138 190 277 300 310 316 344 419 454 476 566 899 907 914 969 1065 1122 1186 1352 1440 1604 1799 1959 2239 2371 3126 3190 3839 3923 4164 4551 4613 4710 5158 5221 5895 6012 6059 6137 6644 7709 7718 7970 8315 8450 8973 9713 9957
36 0 4 7 9 14 26 40 80 94 102 126 137 146 149 163 184 280 396 406 434 469 624 697 709 712 733 751 979 998 1052 1168 1290 1351 1388 1404 1481 1528 1583 1638 1783 1797 1966 2180 2591 2659 2930 2979 3003 3483 3497 3996 4067 4090 4171 4662 4688 4704 4984 5329 5526 7048 7081 8454 9246 9562
37 0 1 3 6 10 12 16 21 22 23 27 30 36 41 42 48 54 55 62 65 74 77 88 107 114 121 129 141 154 158 166 178 198 204 228 236 303 356 395 587 647 968 1343 1604 1737 1921 2147 2430 3097 3412 8044
38 0 2 3 6 21 27 31 42 46 73 121 142 165 293 304 355 364 549 590 768 815 853 903 907 1065 1334 1714 1937 2067 2191 2360 3299 3659 3676 4221 4630 5329 5803 6166 6656 7373 7776 7924 8801 8948 9138 9906
39 0 1 2 4 5 6 8 9 11 12 13 14 17 18 21 27 30 34 37 40 46 50 55 65 68 74 79 84 86 97 102 119 138 139 162 207 301 335 439 546 797 878 1395 1671 1930 2523 2889 4302 7104
40 0 3 4 15 27 34 38 45 53 68 74 143 176 205 210 211 265 284 306 308 329 388 405 497 595 672 777 797 859 869 879 907 914 928 972 1017 1184 1263 1395 1468 1571 1583 1591 1880 1958 2316 2475 3400 3879 4500 4841 5546 5668 5778 6698 6831 7117 7481 7727 7734 7777
41 0 1 3 4 8 10 12 13 16 18 22 24 25 27 28 31 32 35 37 38 50 51 52 59 60 63 81 121 145 164 197 224 252 268 382 389 476 549 554 611 625 665 1173 1408 1679 2076 3135 3248 3884 4142 4364 9039
42 0 1 2 3 4 5 6 7 8 9 11 13 15 18 19 20 26 27 30 37 39 58 62 63 76 90 96 118 119 121 123 125 126 131 138 149 151 224 252 332 432 441 482 561 632 843 935 1001 1027 1184 1263 1495 1522 1768 1789 2047 2153 3097 3172 3198 3441 4408 5860 5973 7347 9517
43 0 8 9 13 15 16 19 23 54 72 74 75 132 158 176 180 194 257 299 325 347 412 502 800 803 899 946 1128 1274 1428 1434 1483 1495 1509 1510 1571 1876 1894 1988 2094 2218 2262 2433 2473 3016 3395 4807 5205 5554 6035 6092 6094 6126 7712 7862 7986 8309 9359
44 0 4 5 8 11 15 22 46 56 62 78 146 187 197 211 214 255 256 272 301 309 332 339 348 371 378 389 404 498 650 671 681 708 712 742 750 789 880 1002 1033 1070 1132 1173 1183 1221 1246 1270 1290 1310 1379 1651 1826 2091 2106 2196 2291 2563 2698 2707 2785 3363 4023 4089 4532 4977 5295 5626 5634 6668 7594 7624 8480 9502 9886
45 1 2 6 9 11 17 20 21 23 26 29 30 40 41 43 45 54 67 73 79 88 98 108 109 135 156 162 164 171 181 199 225 255 290 309 330 782 1000 1001 1387 1412 1502 1954 7055
46 0 1 2 4 9 12 15 18 19 21 24 38 47 53 54 57 58 63 69 74 88 93 97 102 106 138 139 140 145 152 177 199 205 207 218 280 289 323 329 468 485 679 708 873 979 983 1132 1298 1324 1502 1643 1692 2818 2848 4148 4288 5482 6092 6222 7151 7408 9517 9572
47 0 5 9 12 14 33 36 37 39 48 57 63 82 85 90 109 114 129 130 135 140 158 166 183 188 192 218 224 225 244 344 375 383 484 517 583 614 1073 1521 2177 3106 3514 4336 4977 5182 6684 6930
48 0 1 2 3 4 7 8 11 12 16 17 19 21 26 27 30 34 38 39 55 63 68 104 134 148 162 164 211 236 252 300 330 348 356 398 404 545 751 1312 1344 1384 1510 1554 1575 1593 1809 2041 2825 2920 3684 3692 4157 4247 4497 4799 5843 7384 7569 8334
49 0 1 2 6 13 14 26 29 32 40 45 49 55 59 60 63 72 82 94 96 106 128 137 138 186 212 229 259 339 350 484 519 725 763 999 1671 3097 3332 3457 7677
50 0 1 2 6 19 24 31 44 45 50 58 61 63 69 76 83 126 155 159 233 268 322 333 412 485 594 776 817 866 919 926 968 1089 1173 1233 1269 1372 1446 1482 1671 1737 2073 2292 2444 2513 2612 2941 3097 3222 4347 4619 4864 4995 5084 5862 6523 6755 8702
51 0 1 2 3 4 5 6 7 8 9 10 11 12 13 14 15 16 17 18 19 20 21 22 23 24 26 27 28 30 35 41 45 55 58 63 64 78 117 121 146 155 197 371 665 725 910 977 1989 2148 2818 2826 3046 3923 5031 5501 5603 5659 6877 9365
52 0 2 9 10 13 24 32 41 47 63 72 105 145 207 239 310 365 397 410 418 786 859 868 951 961 1070 1153 1310 1395 1401 1417 1465 1482 1502 1601 1643 1702 1950 1954 2088 2162 2164 2190 2293 2523 2818 3182 3849 4130 4226 4421 4869 5616 5851 6001 6402 6514 7055 7307 7895 7959 9832 9946
53 0 5 6 8 10 20 30 32 33 38 48 52 53 70 71 73 82 107 110 115 118 128 138 170 215 246 254 382 510 524 534 1077 1296 1704 1866 2052 2153 2889 3102 4478 8660
54 0 1 3 7 17 18 20 29 32 41 44 46 49 61 62 65 69 77 78 80 82 91 110 115 161 164 178 180 193 243 280 288 330 451 509 624 628 728 737 797 962 968 1272 1401 1489 1495 2153 2612 2848 3483 4247 5020 5661 6373 9519
55 0 1 2 3 4 5 6 7 8 9 10 11 12 13 14 15 16 17 18 19 20 21 24 25 26 27 28 30 37 49 51 55 57 58 63 115 117 126 155 183 187 410 443 485 637 725 1184 1263 1270 1495 1502 1737 2112 3008 3244 3774 6887
56 0 1 4 6 18 19 21 24 25 35 39 56 66 88 90 100 145 153 154 160 181 203 211 223 370 481 485 624 707 789 805 825 880 1502 1591 2264 2451 3006 3756 7499 8402 8702
57 0 1 5 19 20 26 34 43 53 54 76 111 118 125 126 150 158 196 197 296 308 309 349 358 402 404 422 448 480 484 968 1384 1442 1506 2147 2348 2759 3807 3831 3975 5195 5801 6616 7546 7672 8272 8672
58 0 3 7 8 18 32 35 58 59 78 89 120 138 144 146 152 171 175 178 196 280 285 289 294 325 370 429 468 520 609 621 665 666 720 760 850 859 909 990 1007 1106 1228 1283 1290 1334 1583 1587 1597 1612 2153 2593 2659 2955 3110 3441 3516 3768 4104 4133 4390 4417 4895 6604 6756 7279 8076 8355 9894
59 0 1 4 9 14 19 28 56 82 83 123 125 126 139 155 167 189 194 203 204 216 243 494 535 542 585 621 646 702 725 746 762 857 873 902 933 977 979 1011 1119 1134 1385 1412 1480 1566 1805 1972 2060 2187 2231 2692 2956 2980 3908 4646 5333 5643 6238 6246 6335 8138 8139 8146 8450 8969
60 0 4 8 9 19 20 25 27 28 38 39 52 53 84 90 95 101 111 113 115 119 120 122 123 130 139 164 216 219 235 238 297 355 409 552 636 708 836 1131 1384 1756 1909 1927 2848 5985 9559
61 0 4 5 9 11 15 17 19 40 45 63 89 105 112 131 135 142 146 152 157 165 208 213 215 218 249 266 285 351 374 408 411 444 468 487 566 650 815 873 899 1225 2014 2148 2976 3266 3389 3975 4885 7537 9584
62 0 1 2 3 5 6 7 8 10 12 16 24 26 28 29 31 34 45 50 69 102 107 111 112 117 118 120 147 151 155 236 245 356 495 583 662 770 1012 1122 1187 1310 2521 2858 3052 3270 3428 4413 5876 6379 7624 7966 9593
63 0 5 6 8 21 24 26 27 29 31 37 50 57 67 74 77 102 115 135 145 147 227 255 285 327 399 401 475 506 549 709 900 968 971 976 1054 1123 1283 1290 1958 2158 2359 2371 2683 3349 3412 3642 4364 5519 8402
64 0 3 6 8 12 13 18 27 37 42 46 60 61 90 100 114 158 187 265 296 301 332 336 356 379 399 410 465 505 542 621 671 778 784 797 805 962 1005 1283 1353 1384 1702 1737 2955 3032 3317 7797 9305 9521
65 0 3 6 8 11 13 15 16 17 20 23 27 29 32 56 59 62 65 72 73 82 83 84 86 107 117 157 165 166 176 178 184 277 299 357 389 390 395 396 410 429 434 482 604 626 679 734 841 1385 1395 1412 1491 1732 2296 2780 2818 2889 3582 3975 4403 4962 4978 5482
66 0 1 5 9 14 21 22 23 24 25 30 36 37 65 77 87 101 110 131 136 138 139 164 174 309 457 502 524 554 845 947 1387 1413 1424 1671 1686 1959 2274 3142 3471 4482 4864 4994 5754 6539 6656 7253 7325 7918 8751 8802 9933
67 1 2 3 7 8 10 15 16 20 22 23 27 28 29 31 33 35 38 41 43 48 51 60 61 65 71 78 88 107 118 120 136 152 184 284 323 387 468 574 631 968 977 1263 1434 1506 2383 4768 5921
68 0 2 6 9 11 14 18 19 28 29 37 62 76 83 85 112 124 142 183 193 213 243 264 279 302 324 357 377 384 424 509 517 554 604 612 647 715 887 1078 1122 1310 1320 1436 1502 1714 1958 2513 5667 6459 6698 7055 8241
69 0 1 2 4 9 10 16 17 18 20 22 24 27 28 30 43 47 72 73 77 83 84 102 107 117 142 145 166 171 176 185 216 224 240 243 335 356 388 501 566 679 708 751 873 977 1119 1334 1446 1482 1522 1593 1671 2112 2120 2177 2238 2371 2448 3204 3520 3561 4342 6165 6290 6452 6767 6986 8271
70 0 3 6 8 11 16 27 32 34 36 42 48 56 59 66 69 81 106 121 138 205 231 240 253 287 298 315 362 410 487 545 577 666 762 880 1113 2298 2487 2513 2973 3097 4919 5661 6304 7584 7850
71 0 2 4 5 8 9 16 27 36 38 45 66 68 83 114 120 134 143 199 204 225 229 252 268 290 306 445 446 523 534 546 549 655 715 727 859 881 1099 1334 1568 1607 1721 1867 1958 2000 2212 2291 2684 3424 4044 4088 4632 4656 4881 5447 6668
72 0 4 6 8 10 21 24 72 84 103 121 138 174 184 199 216 236 237 243 251 261 371 397 404 475 543 650 653 679 755 785 798 909 948 1190 1215 1408 1558 1566 1591 1721 1758 2261 2859 3038 3358 4630 4977 5038 5150 6035 6082 6655 8629
73 0 3 5 8 9 12 17 28 46 58 63 69 92 99 103 111 139 140 149 155 161 197 228 250 252 268 293 320 574 597 637 665 686 703 751 776 867 968 1128 1232 1256 1307 1311 1484 1495 1522 1611 1756 2060 2063 2198 2201 2244 2700 2741 2857 3166 3403 3706 3708 3774 3826 3923 5124 5209 6057 6188 6337 6668 8454 8528
74 0 1 9 10 12 14 17 21 23 30 34 43 54 65 73 102 109 120 126 134 137 138 169 170 199 201 242 314 410 431 446 468 621 914 992 1038 1384 1583 1807 1917 2112 2848 3097 3514 3600 3759 4247 4429 4820 5011 5150 5526 8938 9896
75 0 3 6 8 13 14 21 23 28 32 49 52 58 62 63 64 69 79 97 98 100 101 155 170 174 195 209 210 212 217 309 325 355 356 382 454 489 583 587 679 919 1482 1671 1841 2616 3244 5887 6165 7454 8734
76 0 1 2 3 4 5 6 7 8 9 10 11 12 13 14 15 16 17 19 21 22 23 24 26 27 28 30 32 35 39 44 50 63 88 104 112 121 145 148 155 157 184 332 549 867 869 900 2060 3279 3408 3992 6402 8095
77 0 2 4 7 14 15 20 22 25 26 33 35 37 44 50 59 60 75 78 90 97 102 103 135 144 155 184 197 199 207 236 249 254 273 301 331 342 356 372 501 554 653 725 896 899 1395 1593 1888 2378 2942 3160 3591 3884 4347 5286 5350 5582 5848 6163 6745 8466 8733 9710
78 0 6 8 9 17 27 29 44 46 53 58 67 70 117 119 122 178 184 245 261 285 292 307 318 325 352 361 390 391 443 587 654 680 1194 1310 1591 1600 1697 1840 1913 2282 2810 2818 3057 3756 3796 4452 5276 5558 5566 7055 8114
79 0 3 4 5 7 8 9 11 15 17 27 34 36 50 51 57 58 68 76 87 89 93 98 110 152 156 157 159 227 238 291 372 485 500 596 782 1601 1757 2019 3526 3983 4371 4618 9514
80 0 1 3 10 11 16 27 31 36 50 65 95 112 120 137 145 147 148 176 184 224 227 239 316 426 451 496 542 553 619 641 655 726 782 948 971 977 990 1012 1065 1152 1153 1173 1174 1195 1217 1321 1572 1584 1862 1911 2060 2136 2812 3089 3244 3706 4241 6347 7908 9311 9335 9947
81 0 6 8 9 19 20 32 37 51 57 59 68 78 80 83 85 95 133 135 146 155 156 166 167 170 173 193 209 231 268 273 282 300 345 355 363 375 402 715 803 829 869 978 1263 1627 2076 2185 5091 8094
82 0 1 4 6 16 26 28 41 58 61 67 69 74 84 99 113 120 126 155 163 196 225 235 247 252 271 341 348 360 432 494 565 662 841 869 900 927 968 1171 1227 1294 1300 1606 1671 1983 2282 2538 2967 3097 3215 4525 6051 7291 9551
83 0 7 9 15 18 28 30 35 39 41 46 70 84 105 119 162 179 181 227 228 235 319 365 372 501 589 779 797 859 891 900 970 1595 1932 2134 2654 2683 2780 3110 3175 3244 3613 3661 3975 4178 4618 5724 6979 7315 9054 9542
84 0 1 4 5 7 13 14 18 28 29 32 34 38 49 51 52 53 60 68 69 81 82 86 117 123 125 127 131 132 171 176 229 390 410 455 487 1256 2126 3008 3140 3248 4291 6577 6769
85 0 5 8 9 13 14 18 20 22 24 28 31 33 35 37 46 68 75 114 166 176 184 187 193 201 229 232 332 355 442 524 544 626 715 938 951 1106 1137 1312 1393 1398 1554 2170 2562 2652 2730 4390 4421 4962 5349 5605 5641 6234 6718 6729 7401 7876
86 1 3 5 7 10 13 14 16 18 19 21 23 33 35 41 44 48 60 64 75 79 80 88 96 100 119 131 145 161 175 178 189 230 245 267 277 316 538 549 599 968 5773
87 0 5 8 9 15 16 17 20 25 39 55 61 62 81 108 109 116 130 138 152 159 166 176 251 281 371 377 426 624 632 663 717 869 882 909 949 995 1073 1725 1862 1884 2076 2288 2334 2509 2848 3053 3071 3160 4040 5136 5561 7013
88 0 2 3 4 8 9 11 14 19 22 25 27 54 76 90 98 107 120 124 127 130 139 146 164 229 238 239 250 278 290 309 410 510 554 679 714 796 896 957 1027 1223 1263 2212 2552 2899 3244 3457 4171 9054
89 0 2 3 5 6 8 11 15 23 24 25 26 28 30 52 53 62 66 71 72 81 97 112 121 146 155 164 199 206 218 233 240 272 348 424 436 545 553 625 636 726 1340 1734 1896 2377 3137 5350 6087 7584
90 0 1 5 7 12 17 21 23 24 42 48 80 83 88 92 97 118 129 140 141 155 158 184 201 218 229 287 330 331 424 425 449 554 638 646 655 686 716 1052 1110 1189 1260 1452 1704 1808 2169 2322 3977 4329 4829 6160 9358
91 0 1 5 6 7 15 20 33 38 43 112 138 148 151 183 184 199 210 253 267 331 338 355 374 426 439 455 612 651 663 739 825 948 1016 1090 1155 1221 1227 1287 1437 1522 1599 1629 1671 1691 2020 2304 2477 2492 2513 2591 2972 3003 3244 3684 4131 4148 4370 4581 5275 5295 5659 5850 6005 6018 7086 7600 8019 8334 8438
92 0 3 6 8 11 12 17 22 24 25 41 47 49 71 75 97 106 107 121 122 132 144 169 179 194 206 248 316 451 551 625 659 789 1583 1799 3097
93 0 1 9 11 17 31 32 49 50 56 59 71 85 99 107 122 125 144 145 152 187 193 252 275 276 485 549 597 669 750 907 915 1080 1152 1290 1412 1656 1850 1936 1948 1951 2285 5526 5959 6577 7069
94 0 6 7 9 15 28 33 83 135 161 180 189 218 262 321 332 374 414 552 554 557 619 632 645 653 655 697 709 727 735 764 824 830 857 861 900 1008 1200 1506 1604 1750 1783 2329 2360 2402 2486 2819 2882 2965 3458 4157 4281 4364 4625 5051 5483 5626 5909 5921 6785 7590 7708 7971 8993
95 0 4 8 14 15 16 38 50 55 65 68 77 85 103 132 144 147 152 160 200 316 329 503 519 554 637 652 662 742 813 929 968 1017 1089 1387 1513 1863 2670 3056 3199 3420 3654 3692 3774 3946 4413 5390 5442 5554 6379 7234 7585 8992 9017 9365
96 0 3 7 8 9 14 22 25 28 35 40 42 56 69 81 90 101 108 109 120 123 126 127 131 138 154 156 163 201 219 249 271 301 309 372 391 439 455 504 596 609 709 737 1339 1361 1597 1679 1766 2003 2240 5429 6459
97 0 1 2 3 4 5 6 7 8 9 10 11 12 13 14 15 16 19 21 22 23 26 27 28 39 40 43 46 63 69 72 78 86 92 103 125 126 138 140 168 285 329 426 583 1200 1434 2780 4142 4266 4301 5276 5381 6102 6379 9630 9691
98 0 1 2 3 4 5 6 7 8 9 10 11 12 14 15 16 17 18 19 20 23 24 26 27 35 38 40 41 44 52 55 56 58 62 63 69 72 82 120 121 139 157 229 236 410 434 621 797 915 927 1671 1736 2039 2148 3097 5350 5394 6201 7347 7753
99 0 1 2 9 11 15 22 26 27 28 29 31 34 36 37 38 43 45 56 61 65 66 67 69 70 74 84 101 103 116 117 135 138 166 199 249 252 253 406 539 583 609 867 1023 1065 1320 1334 1756 3057 3110 3975 4397 4487 4818 7218
